<?xml version="1.0" encoding="UTF-8"?>
<testsuite name="MatrixMathematicsTest" tests="2" skipped="0" failures="0" errors="0" timestamp="2019-01-12T22:46:12" hostname="nabou-PC" time="0.007">
  <properties/>
  <testcase name="testDeterminant" classname="MatrixMathematicsTest" time="0.003"/>
  <testcase name="testCofactor" classname="MatrixMathematicsTest" time="0.003"/>
  <system-out><![CDATA[]]></system-out>
  <system-err><![CDATA[]]></system-err>
</testsuite>
